"../../../Engine/Content/Functions/Engine_MaterialFunctions01/Opacity/CameraDepthFade.uasset" 0
"../../../Engine/Content/EngineMaterials/T_Default_Material_Grid_M.uasset" 1
"../../../Engine/Content/EngineMaterials/T_Default_Material_Grid_N.uasset" 2
"../../../Engine/Content/EngineMaterials/WorldGridMaterial.uasset" 3
"../../../../../Projects/ProjectTicTac/Content/Architecure/Balcony_Mockup_post_merge__Cube.uasset" 4
"../../../../../Projects/ProjectTicTac/Content/Architecure/Balcony_Mockup_post_merge__Cube_001.uasset" 5
"../../../../../Projects/ProjectTicTac/Content/Architecure/Balcony_Mockup_post_merge__Cube_002.uasset" 6
"../../../../../Projects/ProjectTicTac/Content/Architecure/Balcony_Mockup_post_merge__Cube_005.uasset" 7
"../../../../../Projects/ProjectTicTac/Content/Architecure/Balcony_Mockup_post_merge__Cube_006.uasset" 8
"../../../../../Projects/ProjectTicTac/Content/Architecure/Balcony_Mockup_post_merge__Cube_007.uasset" 9
"../../../../../Projects/ProjectTicTac/Content/Architecure/_Diffuse.uasset" 10
"../../../../../Projects/ProjectTicTac/Content/Architecure/Material_001.uasset" 11
"../../../../../Projects/ProjectTicTac/Content/Architecure/Balcony_Mockup_post_merge__Cube_010.uasset" 12
"../../../../../Projects/ProjectTicTac/Content/Architecure/Balcony_Mockup_post_merge__Cube_012.uasset" 13
"../../../../../Projects/ProjectTicTac/Content/Architecure/Balcony_Mockup_post_merge__Cube_013.uasset" 14
"../../../../../Projects/ProjectTicTac/Content/Architecure/Balcony_Mockup_post_merge__Cube_015.uasset" 15
"../../../../../Projects/ProjectTicTac/Content/Architecure/Balcony_Mockup_post_merge__Cube_016.uasset" 16
"../../../../../Projects/ProjectTicTac/Content/Architecure/Balcony_Mockup_post_merge__Cube_018.uasset" 17
"../../../../../Projects/ProjectTicTac/Content/Architecure/Balcony_Mockup_post_merge__Cube_019.uasset" 18
"../../../../../Projects/ProjectTicTac/Content/Architecure/Balcony_Mockup_post_merge__Cube_020.uasset" 19
"../../../../../Projects/ProjectTicTac/Content/Architecure/Balcony_Mockup_post_merge__Cube_021.uasset" 20
"../../../../../Projects/ProjectTicTac/Content/Architecure/DOORWALL.uasset" 21
"../../../../../Projects/ProjectTicTac/Content/Architecure/Wall.uasset" 22
"../../Plugins/Marketplace/WindowCapture2D/Content/PlaneActor/WindowCaptureDefaultTex.uasset" 23
"../../Plugins/Marketplace/WindowCapture2D/Content/PlaneActor/WindowCaptureMat.uasset" 24
"../../Plugins/Marketplace/WindowCapture2D/Content/PlaneActor/WindowCapturePlaneMesh.uasset" 25
"../../Plugins/Marketplace/WindowCapture2D/Content/PlaneActor/WindowCapturePlane.uasset" 26
"../../../../../Projects/ProjectTicTac/Content/Geometry/Meshes/StandInProjector.uasset" 27
"../../../../../Projects/ProjectTicTac/Content/Blueprints/Projector/BP_Projector.uasset" 28
"../../../../../Projects/ProjectTicTac/Content/Blueprints/Projector/RT_ScreenCapture.uasset" 29
"../../../../../Projects/ProjectTicTac/Content/Blueprints/Projector/M_Projector.uasset" 30
"../../../../../Projects/ProjectTicTac/Content/Blueprints/Whiteboard/Material_004.uasset" 31
"../../../../../Projects/ProjectTicTac/Content/Blueprints/Whiteboard/Vinny_sMarker_Cap.uasset" 32
"../../../../../Projects/ProjectTicTac/Content/GenericNPCAnimPack/Character/Mesh/UE4_Mannequin_Skeleton.uasset" 33
"../../../../../Projects/ProjectTicTac/Content/GenericNPCAnimPack/Animations/Anim_Body_Stretch_1.uasset" 34
"../../../../../Projects/ProjectTicTac/Content/GenericNPCAnimPack/Animations/Anim_Body_Stretch_2.uasset" 35
"../../../../../Projects/ProjectTicTac/Content/GenericNPCAnimPack/Animations/Anim_Body_Stretch_3.uasset" 36
"../../../../../Projects/ProjectTicTac/Content/GenericNPCAnimPack/Animations/Anim_Body_Stretch_4.uasset" 37
"../../../../../Projects/ProjectTicTac/Content/GenericNPCAnimPack/Animations/Anim_Bow.uasset" 38
"../../../../../Projects/ProjectTicTac/Content/GenericNPCAnimPack/Animations/Anim_Bow_2.uasset" 39
"../../../../../Projects/ProjectTicTac/Content/GenericNPCAnimPack/Animations/Anim_Don_t_Know_2.uasset" 40
"../../../../../Projects/ProjectTicTac/Content/GenericNPCAnimPack/Animations/Anim_Idle_1.uasset" 41
"../../../../../Projects/ProjectTicTac/Content/GenericNPCAnimPack/Animations/Anim_Idle_2.uasset" 42
"../../../../../Projects/ProjectTicTac/Content/GenericNPCAnimPack/Animations/Anim_Idle_3.uasset" 43
"../../../../../Projects/ProjectTicTac/Content/GenericNPCAnimPack/Animations/Anim_Lets_Go.uasset" 44
"../../../../../Projects/ProjectTicTac/Content/GenericNPCAnimPack/Animations/Anim_Take_Drink_1.uasset" 45
"../../../../../Projects/ProjectTicTac/Content/GenericNPCAnimPack/Animations/Anim_Take_From_Floor.uasset" 46
"../../../../../Projects/ProjectTicTac/Content/GenericNPCAnimPack/Animations/Anim_Take_From_Table.uasset" 47
"../../../../../Projects/ProjectTicTac/Content/GenericNPCAnimPack/Animations/Anim_Throw_1.uasset" 48
"../../../../../Projects/ProjectTicTac/Content/GenericNPCAnimPack/Animations/Anim__Smith_Working.uasset" 49
"../../../Engine/Content/Functions/Engine_MaterialFunctions02/Texturing/CustomRotator.uasset" 50
"../../../Engine/Content/EngineMaterials/DefaultDiffuse_TC_Masks.uasset" 51
"../../../../../Projects/ProjectTicTac/Content/Materials/UVTiledMaterial/M_UVTiled.uasset" 52
"../../../../../Projects/ProjectTicTac/Content/Geometry/Meshes/Bookcase.uasset" 53
"../../../../../Projects/ProjectTicTac/Content/Geometry/Meshes/_Diffuse.uasset" 54
"../../../../../Projects/ProjectTicTac/Content/Geometry/Meshes/Material.uasset" 55
"../../../../../Projects/ProjectTicTac/Content/Geometry/Meshes/Bookcase_But_less_bad.uasset" 56
"../../../../../Projects/ProjectTicTac/Content/Geometry/Meshes/LoFiHiPHoPHoUsE/Full_house__Cube.uasset" 57
"../../../../../Projects/ProjectTicTac/Content/Geometry/Meshes/LoFiHiPHoPHoUsE/Full_house__Cube_001.uasset" 58
"../../../../../Projects/ProjectTicTac/Content/Geometry/Meshes/LoFiHiPHoPHoUsE/Full_house__Cube_002.uasset" 59
"../../../../../Projects/ProjectTicTac/Content/Geometry/Meshes/LoFiHiPHoPHoUsE/Full_house__Cube_004.uasset" 60
"../../../../../Projects/ProjectTicTac/Content/Geometry/Meshes/LoFiHiPHoPHoUsE/Full_house__Cube_005.uasset" 61
"../../../../../Projects/ProjectTicTac/Content/Geometry/Meshes/LoFiHiPHoPHoUsE/Full_house__Cube_006.uasset" 62
"../../../../../Projects/ProjectTicTac/Content/Geometry/Meshes/LoFiHiPHoPHoUsE/_Diffuse.uasset" 63
"../../../../../Projects/ProjectTicTac/Content/Geometry/Meshes/LoFiHiPHoPHoUsE/Material_001.uasset" 64
"../../../../../Projects/ProjectTicTac/Content/Geometry/Meshes/LoFiHiPHoPHoUsE/Full_house__Cube_010.uasset" 65
"../../../../../Projects/ProjectTicTac/Content/Geometry/Meshes/LoFiHiPHoPHoUsE/Full_house__Cube_011.uasset" 66
"../../../../../Projects/ProjectTicTac/Content/Geometry/Meshes/LoFiHiPHoPHoUsE/Full_house__Cube_012.uasset" 67
"../../../../../Projects/ProjectTicTac/Content/Geometry/Meshes/LoFiHiPHoPHoUsE/Full_house__Cube_013.uasset" 68
"../../../../../Projects/ProjectTicTac/Content/Geometry/Meshes/LoFiHiPHoPHoUsE/Full_house__Cube_015.uasset" 69
"../../../../../Projects/ProjectTicTac/Content/Geometry/Meshes/LoFiHiPHoPHoUsE/Full_house__Cube_016.uasset" 70
"../../../../../Projects/ProjectTicTac/Content/Geometry/Meshes/LoFiHiPHoPHoUsE/Full_house__Cube_018.uasset" 71
"../../../../../Projects/ProjectTicTac/Content/Geometry/Meshes/LoFiHiPHoPHoUsE/Full_house__Cube_019.uasset" 72
"../../../../../Projects/ProjectTicTac/Content/Geometry/Meshes/LoFiHiPHoPHoUsE/Full_house__Cube_020.uasset" 73
"../../../../../Projects/ProjectTicTac/Content/Geometry/Meshes/LoFiHiPHoPHoUsE/Full_house__Cube_021.uasset" 74
"../../../../../Projects/ProjectTicTac/Content/Geometry/Meshes/LoFiHiPHoPHoUsE/pAIN_IN_arse_wall.uasset" 75
"../../../../../Projects/ProjectTicTac/Content/Mannequin/Character/Mesh/UE4_Mannequin_Skeleton.uasset" 76
"../../../../../Projects/ProjectTicTac/Content/Mannequin/Animations/ThirdPersonJump_End.uasset" 77
"../../../Engine/Content/EngineResources/DefaultTexture.uasset" 78
"../../../../../Projects/ProjectTicTac/Content/Materials/UVTiledMaterial/MI_UVTiled.uasset" 79
"../../../../../Projects/ProjectTicTac/Content/Materials/UVTiledMaterial/Wood_map/_Ao.uasset" 80
"../../../../../Projects/ProjectTicTac/Content/Materials/UVTiledMaterial/Wood_map/_Diffuse.uasset" 81
"../../../../../Projects/ProjectTicTac/Content/Materials/UVTiledMaterial/Wood_map/_Edge.uasset" 82
"../../../../../Projects/ProjectTicTac/Content/Materials/UVTiledMaterial/Wood_map/_Height.uasset" 83
"../../../../../Projects/ProjectTicTac/Content/Materials/UVTiledMaterial/Wood_map/_Metallic.uasset" 84
"../../../../../Projects/ProjectTicTac/Content/Materials/UVTiledMaterial/Wood_map/_Normal.uasset" 85
"../../../../../Projects/ProjectTicTac/Content/ThirdPersonBP/ThirdPersonOverview.uasset" 86
"../../../../../Projects/ProjectTicTac/Content/Wood_map/Diffuese.uasset" 87
"../../../../../Projects/ProjectTicTac/Content/Wood_map/_Ao.uasset" 88
"../../../../../Projects/ProjectTicTac/Content/Wood_map/_Diffuse.uasset" 89
"../../../../../Projects/ProjectTicTac/Content/Wood_map/_Edge.uasset" 90
"../../../../../Projects/ProjectTicTac/Content/Wood_map/_Height.uasset" 91
"../../../../../Projects/ProjectTicTac/Content/Wood_map/_Metallic.uasset" 92
"../../../../../Projects/ProjectTicTac/Content/Wood_map/_Normal.uasset" 93
"../../../Engine/Content/Animation/DefaultAnimCurveCompressionSettings.uasset" 94
"../../../Engine/Content/ArtTools/RenderToTexture/Meshes/S_1_Unit_Plane.uasset" 95
"../../../Engine/Content/EngineMaterials/DefaultMaterial.uasset" 96
"../../../Engine/Content/BasicShapes/Cone.uasset" 97
"../../../Engine/Content/EditorLandscapeResources/DataLayer.uasset" 98
"../../../Engine/Content/EditorMaterials/MAT_Groups_Toggle.uasset" 99
"../../../Engine/Content/EditorMaterials/MAT_Groups_Visibility.uasset" 100
"../../../Engine/Content/EditorMaterials/PreviewShadowIndicator.uasset" 101
"../../../Engine/Content/EditorMaterials/PreviewShadowIndicatorMaterial.uasset" 102
"../../../Engine/Content/EditorMaterials/MatineeGroups/MAT_ColorTrack.uasset" 103
"../../../Engine/Content/EditorMaterials/MatineeGroups/MAT_Groups_Anim.uasset" 104
"../../../Engine/Content/EditorMaterials/MatineeGroups/MAT_Groups_AudioMaster.uasset" 105
"../../../Engine/Content/EditorMaterials/MatineeGroups/MAT_Groups_Director.uasset" 106
"../../../Engine/Content/EditorMaterials/MatineeGroups/MAT_Groups_Event.uasset" 107
"../../../Engine/Content/EditorMaterials/MatineeGroups/MAT_Groups_Fade.uasset" 108
"../../../Engine/Content/EditorMaterials/MatineeGroups/MAT_Groups_Float.uasset" 109
"../../../Engine/Content/EditorMaterials/MatineeGroups/MAT_Groups_Move.uasset" 110
"../../../Engine/Content/EditorMaterials/MatineeGroups/MAT_Groups_Slomo.uasset" 111
"../../../Engine/Content/EditorMaterials/MatineeGroups/MAT_Groups_Sound.uasset" 112
"../../../Engine/Content/EditorMaterials/MatineeGroups/MAT_Groups_Vector.uasset" 113
"../../../Engine/Content/EditorMaterials/ParticleSystems/PSysThumbnail_NoImage.uasset" 114
"../../../Engine/Content/EditorMaterials/ParticleSystems/PSysThumbnail_OOD.uasset" 115
"../../../Engine/Content/EditorMaterials/Camera/CineMat.uasset" 116
"../../../Engine/Content/EditorMaterials/Camera/MI_CineMat_Rig.uasset" 117
"../../../Engine/Content/EditorMeshes/Camera/SM_CraneRig_Arm.uasset" 118
"../../../Engine/Content/EditorMeshes/Camera/SM_CraneRig_Base.uasset" 119
"../../../Engine/Content/EditorMeshes/Camera/SM_CraneRig_Body.uasset" 120
"../../../Engine/Content/EditorMeshes/Camera/SM_CraneRig_Mount.uasset" 121
"../../../Engine/Content/EditorMeshes/Camera/SM_RailRig_Mount.uasset" 122
"../../../Engine/Content/EditorMeshes/Camera/SM_RailRig_Track.uasset" 123
"../../../Engine/Content/EditorResources/BSPVertex.uasset" 124
"../../../Engine/Content/EditorResources/EmptyActor.uasset" 125
"../../../Engine/Content/EditorResources/S_Actor.uasset" 126
"../../../Engine/Content/EditorResources/S_KHinge.uasset" 127
"../../../Engine/Content/EditorResources/S_Note.uasset" 128
"../../../Engine/Content/EditorResources/S_Solver.uasset" 129
"../../../Engine/Content/EditorResources/S_Trigger.uasset" 130
"../../../Engine/Content/EditorResources/LightIcons/S_LightError.uasset" 131
"../../../Engine/Content/EditorResources/SequenceRecorder/Countdown.uasset" 132
"../../../Engine/Content/EditorResources/SequenceRecorder/RecordingIndicator.uasset" 133
"../../../Engine/Content/EditorSounds/Notifications/CompileFailed.uasset" 134
"../../../Engine/Content/EditorSounds/Notifications/CompileFailed_Cue.uasset" 135
"../../../Engine/Content/EditorSounds/Notifications/CompileSuccess.uasset" 136
"../../../Engine/Content/EditorSounds/Notifications/CompileStart_Cue.uasset" 137
"../../../Engine/Content/EditorSounds/Notifications/CompileSuccess_Cue.uasset" 138
"../../../Engine/Content/EngineDamageTypes/DmgTypeBP_Environmental.uasset" 139
"../../../Engine/Content/EngineDebugMaterials/DebugEditorMaterial.uasset" 140
"../../../Engine/Content/EngineDebugMaterials/DebugMeshMaterial.uasset" 141
"../../../Engine/Content/EngineDebugMaterials/M_SimpleTranslucent.uasset" 142
"../../../Engine/Content/Functions/Engine_MaterialFunctions02/Utility/CameraDirectionVector.uasset" 143
"../../../Engine/Content/EngineDebugMaterials/VolumeToRender.uasset" 144
"../../../Engine/Content/EngineDebugMaterials/M_VolumeRenderSphereTracePP.uasset" 145
"../../../Engine/Content/EngineDebugMaterials/WireframeMaterial.uasset" 146
"../../../Engine/Content/EngineFonts/Faces/DroidSansFallback.uasset" 147
"../../../Engine/Content/EngineFonts/Faces/RobotoBold.uasset" 148
"../../../Engine/Content/EngineFonts/Faces/RobotoBoldItalic.uasset" 149
"../../../Engine/Content/EngineFonts/Faces/RobotoItalic.uasset" 150
"../../../Engine/Content/EngineFonts/Faces/RobotoLight.uasset" 151
"../../../Engine/Content/EngineFonts/Faces/RobotoRegular.uasset" 152
"../../../Engine/Content/EngineFonts/Roboto.uasset" 153
"../../../Engine/Content/EngineMaterials/BaseFlattenDiffuseMap.uasset" 154
"../../../Engine/Content/EngineMaterials/BaseFlattenEmissiveMap.uasset" 155
"../../../Engine/Content/EngineMaterials/BaseFlattenGrayscaleMap.uasset" 156
"../../../Engine/Content/EngineMaterials/BaseFlattenNormalMap.uasset" 157
"../../../Engine/Content/EngineMaterials/BaseFlattenMaterial.uasset" 158
"../../../Engine/Content/EngineMaterials/BlueNoise.uasset" 159
"../../../Engine/Content/EngineMaterials/DefaultBloomKernel.uasset" 160
"../../../Engine/Content/EngineMaterials/DefaultBokeh.uasset" 161
"../../../Engine/Content/EngineMaterials/DefaultDiffuse.uasset" 162
"../../../Engine/Content/EngineMaterials/DefaultDeferredDecalMaterial.uasset" 163
"../../../Engine/Content/EngineMaterials/DefaultLightFunctionMaterial.uasset" 164
"../../../Engine/Content/EngineMaterials/DefaultPhysicalMaterial.uasset" 165
"../../../Engine/Content/Functions/Engine_MaterialFunctions02/Utility/BreakOutFloat2Components.uasset" 166
"../../../Engine/Content/EngineMaterials/DefaultPostProcessMaterial.uasset" 167
"../../../Engine/Content/EngineFonts/RobotoDistanceField.uasset" 168
"../../../Engine/Content/EngineMaterials/DefaultTextMaterialOpaque.uasset" 169
"../../../Engine/Content/EngineMaterials/DefaultVirtualTextureMaterial.uasset" 170
"../../../Engine/Content/EngineMaterials/DefaultWhiteGrid.uasset" 171
"../../../Engine/Content/EngineMaterials/DefaultWhiteGrid_Low.uasset" 172
"../../../Engine/Content/EngineMaterials/EmissiveMeshMaterial.uasset" 173
"../../../Engine/Content/EngineMaterials/GizmoMaterial.uasset" 174
"../../../Engine/Content/EngineMaterials/HairDefaultMaterial.uasset" 175
"../../../Engine/Content/EngineMaterials/MiniFont.uasset" 176
"../../../Engine/Content/EngineMaterials/InvalidLightmapSettings.uasset" 177
"../../../Engine/Content/EngineMaterials/M_InvalidLightmapSettings.uasset" 178
"../../../Engine/Content/Functions/Engine_MaterialFunctions02/WorldPositionOffset/CameraOffset.uasset" 179
"../../../Engine/Content/EngineMaterials/PhAT_JointLimitMaterial.uasset" 180
"../../../Engine/Content/EngineMaterials/PreintegratedSkinBRDF.uasset" 181
"../../../Engine/Content/EngineMaterials/RemoveSurfaceMaterial.uasset" 182
"../../../Engine/Content/EngineMaterials/WeightMapPlaceholderTexture.uasset" 183
"../../../Engine/Content/EngineResources/WhiteSquareTexture.uasset" 184
"../../../Engine/Content/EngineMaterials/Widget3DPassThrough.uasset" 185
"../../../Engine/Content/EngineMaterials/Widget3DPassThrough_Masked.uasset" 186
"../../../Engine/Content/EngineMaterials/Widget3DPassThrough_Opaque.uasset" 187
"../../../Engine/Content/EngineMaterials/Widget3DPassThrough_Masked_OneSided.uasset" 188
"../../../Engine/Content/EngineMaterials/Widget3DPassThrough_Opaque_OneSided.uasset" 189
"../../../Engine/Content/EngineMaterials/Widget3DPassThrough_Translucent.uasset" 190
"../../../Engine/Content/EngineMaterials/Widget3DPassThrough_Translucent_OneSided.uasset" 191
"../../../Engine/Content/EngineMeshes/Cylinder.uasset" 192
"../../../Engine/Content/EngineMeshes/Sphere.uasset" 193
"../../../Engine/Content/EngineResources/Black.uasset" 194
"../../../Engine/Content/EngineResources/DefaultTextureCube.uasset" 195
"../../../Engine/Content/EngineResources/DefaultVolumeTexture2D.uasset" 196
"../../../Engine/Content/EngineResources/DefaultVolumeTexture.uasset" 197
"../../../Engine/Content/EngineResources/GradientTexture0.uasset" 198
"../../../Engine/Content/EngineSounds/Master.uasset" 199
"../../../Engine/Content/Functions/Engine_MaterialFunctions01/Shading/ConvertFromDiffSpec.uasset" 200
"../../../Engine/Content/Functions/Engine_MaterialFunctions01/Shading/PowerToRoughness.uasset" 201
"../../../Engine/Content/Maps/Templates/Thumbnails/Default.uasset" 202
"../../../Engine/Content/Maps/Templates/Thumbnails/TimeOfDay.uasset" 203
"../../../Engine/Content/Maps/Templates/Thumbnails/VR-Basic.uasset" 204
"../../../Engine/Content/MobileResources/T_MobileControls_texture.uasset" 205
"../../../Engine/Content/MobileResources/T_MobileMenu2.uasset" 206
"../../../Engine/Content/MobileResources/HUD/AnalogHat.uasset" 207
"../../../Engine/Content/MobileResources/HUD/VirtualJoystick_Background.uasset" 208
"../../../Engine/Content/MobileResources/HUD/VirtualJoystick_Thumb.uasset" 209
"../../../Engine/Content/MobileResources/HUD/DefaultVirtualJoysticks.uasset" 210
"../../../Engine/Content/MobileResources/HUD/LeftVirtualJoystickOnly.uasset" 211
"../../../Engine/Content/MobileResources/HUD/MobileHUDButton1_off.uasset" 212
"../../../Engine/Content/MobileResources/HUD/MobileHUDButton1_on.uasset" 213
"../../../Engine/Content/MobileResources/HUD/MobileHUDButton2_off.uasset" 214
"../../../Engine/Content/MobileResources/HUD/MobileHUDButton2_on.uasset" 215
"../../../Engine/Content/MobileResources/HUD/MobileHUDButton3.uasset" 216
"../../../Engine/Content/MobileResources/HUD/MobileHUDButtonFire.uasset" 217
"../../../Engine/Content/MobileResources/HUD/MobileHUDDirectionPad.uasset" 218
"../../../Engine/Content/MobileResources/HUD/MobileHUDDirectionPad2.uasset" 219
"../../../Engine/Content/MobileResources/HUD/MobileHUDDirectionPad3.uasset" 220
"../../../Engine/Content/MobileResources/HUD/MobileHUDDirectionStick.uasset" 221
"../../../Engine/Content/MobileResources/HUD/T_Castle_ThumbstickInner.uasset" 222
"../../../Engine/Content/MobileResources/HUD/T_Castle_ThumbstickOutter.uasset" 223
"../../../Engine/Content/Tutorial/ContentIntroCurve.uasset" 224
"../../../Engine/Content/Tutorial/Basics/LevelEditorAttract.uasset" 225
"../../../Engine/Content/VREditor/LaserPointer/VR_LaserPower_01.uasset" 226
"../../../Engine/Content/VREditor/TransformGizmo/TransformGizmoMaterial.uasset" 227
"../../../Engine/Content/VREditor/TransformGizmo/TranslucentTransformGizmoMaterial.uasset" 228
"../../../Engine/Content/VREditor/TransformGizmo/BoundingBoxCorner.uasset" 229
"../../../Engine/Content/VREditor/TransformGizmo/BoundingBoxEdge.uasset" 230
"../../../Engine/Content/VREditor/TransformGizmo/PlaneTranslationHandle.uasset" 231
"../../../Engine/Content/VREditor/TransformGizmo/Main.uasset" 232
"../../../Engine/Content/VREditor/TransformGizmo/Xray.uasset" 233
"../../../Engine/Content/VREditor/TransformGizmo/SM_Sequencer_Key.uasset" 234
"../../../Engine/Content/VREditor/TransformGizmo/SM_Sequencer_Node.uasset" 235
"../../Plugins/2D/Paper2D/Content/PlaceholderTextures/DummySpriteTexture.uasset" 236
"../../Plugins/2D/Paper2D/Content/DummySprite.uasset" 237
"../../Plugins/2D/Paper2D/Content/DefaultPaperTerrainMaterial.uasset" 238
"../../Plugins/2D/Paper2D/Content/DummySpriteTexture.uasset" 239
"../../Plugins/2D/Paper2D/Content/DefaultSpriteMaterial.uasset" 240
"../../Plugins/2D/Paper2D/Content/MaskedUnlitSpriteMaterial.uasset" 241
"../../Plugins/2D/Paper2D/Content/OpaqueUnlitSpriteMaterial.uasset" 242
"../../../Engine/Content/Functions/Engine_MaterialFunctions02/Utility/BreakOutFloat4Components.uasset" 243
"../../../Engine/Content/Functions/Engine_MaterialFunctions02/Utility/MakeFloat2.uasset" 244
"../../../Engine/Content/Functions/Engine_MaterialFunctions02/Utility/MakeFloat3.uasset" 245
"../../Plugins/Runtime/Oculus/OculusVR/Content/Materials/OculusMR_ChromaKey.uasset" 246
"../../Plugins/Runtime/Oculus/OculusVR/Content/Materials/OculusMR_ChromaKey_Lit.uasset" 247
"../../Plugins/Runtime/Oculus/OculusVR/Content/Materials/OculusMR_OpaqueColoredMaterial.uasset" 248
"../../Plugins/Runtime/Oculus/OculusVR/Content/Materials/OculusMR_WhiteMaterial.uasset" 249
"../../../Engine/Content/EditorBlueprintResources/StandardMacros.uasset" 250
"../../../Engine/Content/EngineSky/C_Sky_Cloud_Color.uasset" 251
"../../../Engine/Content/EngineSky/C_Sky_Horizon_Color.uasset" 252
"../../../Engine/Content/EngineSky/C_Sky_Zenith_Color.uasset" 253
"../../../Engine/Content/EngineSky/T_Sky_Blue.uasset" 254
"../../../Engine/Content/EngineSky/T_Sky_Clouds_M.uasset" 255
"../../../Engine/Content/EngineSky/T_Sky_Stars.uasset" 256
"../../../Engine/Content/EngineSky/M_Sky_Panning_Clouds2.uasset" 257
"../../../Engine/Content/EngineSky/SM_SkySphere.uasset" 258
"../../../Engine/Content/EngineSky/BP_Sky_Sphere.uasset" 259
"../../../../../Projects/ProjectTicTac/Content/VirtualReality/Mannequin/Character/Mesh/MannequinHand_Right_Skeleton.uasset" 260
"../../../../../Projects/ProjectTicTac/Content/VirtualReality/Mannequin/Animations/MannequinHand_Right_CanGrab.uasset" 261
"../../../../../Projects/ProjectTicTac/Content/VirtualReality/Mannequin/Animations/MannequinHand_Right_Grab.uasset" 262
"../../../../../Projects/ProjectTicTac/Content/VirtualReality/Mannequin/Animations/MannequinHand_Right_Open.uasset" 263
"../../../../../Projects/ProjectTicTac/Content/VirtualReality/Mannequin/Animations/RightGrip_BS.uasset" 264
"../../../../../Projects/ProjectTicTac/Content/VirtualRealityBP/Blueprints/GripEnum.uasset" 265
"../../../../../Projects/ProjectTicTac/Content/VirtualReality/Mannequin/Animations/RightHand_AnimBP.uasset" 266
"../../../../../Projects/ProjectTicTac/Content/VirtualRealityBP/Blueprints/PickupActorInterface.uasset" 267
"../../../../../Projects/ProjectTicTac/Content/VirtualRealityBP/Blueprints/MotionControllerHaptics.uasset" 268
"../../../Engine/Content/Functions/Engine_MaterialFunctions01/Texturing/ScaleUVsByCenter.uasset" 269
"../../../Engine/Content/Functions/Engine_MaterialFunctions02/ScreenResolution.uasset" 270
"../../../Engine/Content/Functions/Engine_MaterialFunctions02/Texturing/ScreenAlignedUVs.uasset" 271
"../../../Engine/Content/Functions/Engine_MaterialFunctions02/Utility/DepthFromWorldPosition.uasset" 272
"../../../../../Projects/ProjectTicTac/Content/VirtualReality/Materials/MF_OccludedPixels.uasset" 273
"../../../../../Projects/ProjectTicTac/Content/VirtualReality/Materials/TeleportMCP.uasset" 274
"../../../Engine/Content/EngineMaterials/Good64x64TilingNoiseHighFreq.uasset" 275
"../../../../../Projects/ProjectTicTac/Content/VirtualReality/Materials/M_ArcEndpoint.uasset" 276
"../../../../../Projects/ProjectTicTac/Content/VirtualReality/Materials/M_SplineArcMat.uasset" 277
"../../../../../Projects/ProjectTicTac/Content/VirtualReality/Materials/M_TeleportPreviews.uasset" 278
"../../../../../Projects/ProjectTicTac/Content/VirtualReality/Materials/MI_ChaperoneOutline.uasset" 279
"../../../../../Projects/ProjectTicTac/Content/VirtualReality/Materials/MI_TeleportCylinderPreview.uasset" 280
"../../../Engine/Content/BasicShapes/Cylinder.uasset" 281
"../../../Engine/Content/BasicShapes/Sphere.uasset" 282
"../../../../../Projects/ProjectTicTac/Content/VirtualReality/Mannequin/Character/Textures/UE4_Mannequin__normals.uasset" 283
"../../../../../Projects/ProjectTicTac/Content/VirtualReality/Mannequin/Character/Textures/UE4_Mannequin_MAT_MASKA.uasset" 284
"../../../../../Projects/ProjectTicTac/Content/VirtualReality/Mannequin/Character/Materials/M_HandMat.uasset" 285
"../../../../../Projects/ProjectTicTac/Content/VirtualReality/Mannequin/Character/Mesh/MannequinHand_Right_PhysicsAsset.uasset" 286
"../../../../../Projects/ProjectTicTac/Content/VirtualReality/Mannequin/Character/Mesh/MannequinHand_Right.uasset" 287
"../../../../../Projects/ProjectTicTac/Content/VirtualReality/Meshes/1x1_cube.uasset" 288
"../../../../../Projects/ProjectTicTac/Content/VirtualReality/Meshes/BeaconDirection.uasset" 289
"../../../../../Projects/ProjectTicTac/Content/VirtualReality/Meshes/BeamMesh.uasset" 290
"../../../../../Projects/ProjectTicTac/Content/VirtualReality/Meshes/SM_FatCylinder.uasset" 291
"../../../../../Projects/ProjectTicTac/Content/VirtualRealityBP/Blueprints/BP_MotionController.uasset" 292
"../../../../../Projects/ProjectTicTac/Content/VRGameInstance.uasset" 293
"../../../../../Projects/ProjectTicTac/Content/VirtualRealityBP/Blueprints/VRPlayerController.uasset" 294
"../../../../../Projects/ProjectTicTac/Content/Blueprints/Button/Button.uasset" 295
"../../../../../Projects/ProjectTicTac/Content/Blueprints/Button/Boop.uasset" 296
"../../../../../Projects/ProjectTicTac/Content/Blueprints/Button/Base.uasset" 297
"../../../../../Projects/ProjectTicTac/Content/Blueprints/Button/VR_button_Base.uasset" 298
"../../../../../Projects/ProjectTicTac/Content/Blueprints/Button/VR_button_Button.uasset" 299
"../../../../../Projects/ProjectTicTac/Content/Blueprints/Button/BP_HostServerButton.uasset" 300
"../../../../../Projects/ProjectTicTac/Content/Blueprints/Button/BP_JoinGameButton.uasset" 301
"../../../../../Projects/ProjectTicTac/Content/VirtualRealityBP/Blueprints/MotionControllerPawn.uasset" 302
"../../../../../Projects/ProjectTicTac/Content/ThirdPersonBP/Blueprints/ThirdPersonGameMode.uasset" 303
"../../../Engine/Content/BasicShapes/BasicShapeMaterial.uasset" 304
"../../../Engine/Content/BasicShapes/Cube.uasset" 305
"../../../../../Projects/ProjectTicTac/Content/MainMenu.umap" 306
"../../../../../Projects/ProjectTicTac/Content/GenericNPCAnimPack/Animations/Anim_Brush_Of_Dust.uasset" 307
"../../../../../Projects/ProjectTicTac/Content/GenericNPCAnimPack/Animations/Anim_Call_Guards_1.uasset" 308
"../../../../../Projects/ProjectTicTac/Content/GenericNPCAnimPack/Animations/Anim_Call_Someone_1.uasset" 309
"../../../../../Projects/ProjectTicTac/Content/GenericNPCAnimPack/Animations/Anim_Call_Someone_2.uasset" 310
"../../../../../Projects/ProjectTicTac/Content/GenericNPCAnimPack/Animations/Anim_Check_Equipment_1.uasset" 311
"../../../../../Projects/ProjectTicTac/Content/GenericNPCAnimPack/Animations/Anim_Check_Equipment_2.uasset" 312
"../../../../../Projects/ProjectTicTac/Content/GenericNPCAnimPack/Animations/Anim_Check_Equipment_3.uasset" 313
"../../../../../Projects/ProjectTicTac/Content/GenericNPCAnimPack/Animations/Anim_Clap_1.uasset" 314
"../../../../../Projects/ProjectTicTac/Content/GenericNPCAnimPack/Animations/Anim_Clap_2.uasset" 315
"../../../../../Projects/ProjectTicTac/Content/GenericNPCAnimPack/Animations/Anim_Crowd_Cheer_1.uasset" 316
"../../../../../Projects/ProjectTicTac/Content/GenericNPCAnimPack/Animations/Anim_Deep_Breath_Sad.uasset" 317
"../../../../../Projects/ProjectTicTac/Content/GenericNPCAnimPack/Animations/Anim_Don_t_Know.uasset" 318
"../../../../../Projects/ProjectTicTac/Content/GenericNPCAnimPack/Animations/Anim_Drunk_Talk_1.uasset" 319
"../../../../../Projects/ProjectTicTac/Content/GenericNPCAnimPack/Animations/Anim_Exercise_1.uasset" 320
"../../../../../Projects/ProjectTicTac/Content/GenericNPCAnimPack/Animations/Anim_Exercise_2.uasset" 321
"../../../../../Projects/ProjectTicTac/Content/GenericNPCAnimPack/Animations/Anim_Exercise_3.uasset" 322
"../../../../../Projects/ProjectTicTac/Content/GenericNPCAnimPack/Animations/Anim_Fart_1.uasset" 323
"../../../../../Projects/ProjectTicTac/Content/GenericNPCAnimPack/Animations/Anim_Fixing_Something.uasset" 324
"../../../../../Projects/ProjectTicTac/Content/GenericNPCAnimPack/Animations/Anim_Get_Here_1.uasset" 325
"../../../../../Projects/ProjectTicTac/Content/GenericNPCAnimPack/Animations/Anim_Get_Here_2.uasset" 326
"../../../../../Projects/ProjectTicTac/Content/GenericNPCAnimPack/Animations/Anim_Go_Away.uasset" 327
"../../../../../Projects/ProjectTicTac/Content/GenericNPCAnimPack/Animations/Anim_Got_a_Deal.uasset" 328
"../../../../../Projects/ProjectTicTac/Content/GenericNPCAnimPack/Animations/Anim_Head_Scratch.uasset" 329
"../../../../../Projects/ProjectTicTac/Content/GenericNPCAnimPack/Animations/Anim_Hold_Baby.uasset" 330
"../../../../../Projects/ProjectTicTac/Content/GenericNPCAnimPack/Animations/Anim_Idle_4.uasset" 331
"../../../../../Projects/ProjectTicTac/Content/GenericNPCAnimPack/Animations/Anim_Idle_5.uasset" 332
"../../../../../Projects/ProjectTicTac/Content/GenericNPCAnimPack/Animations/Anim_Idle_6.uasset" 333
"../../../../../Projects/ProjectTicTac/Content/GenericNPCAnimPack/Animations/Anim_Itching_Body.uasset" 334
"../../../../../Projects/ProjectTicTac/Content/GenericNPCAnimPack/Animations/Anim_Laugh.uasset" 335
"../../../../../Projects/ProjectTicTac/Content/GenericNPCAnimPack/Animations/Anim_Legs_Relax.uasset" 336
"../../../../../Projects/ProjectTicTac/Content/GenericNPCAnimPack/Animations/Anim_Look_Around.uasset" 337
"../../../../../Projects/ProjectTicTac/Content/GenericNPCAnimPack/Animations/Anim_No.uasset" 338
"../../../../../Projects/ProjectTicTac/Content/GenericNPCAnimPack/Animations/Anim_Playing_Guitar.uasset" 339
"../../../../../Projects/ProjectTicTac/Content/GenericNPCAnimPack/Animations/Anim_Salute.uasset" 340
"../../../../../Projects/ProjectTicTac/Content/GenericNPCAnimPack/Animations/Anim_Shout_1.uasset" 341
"../../../../../Projects/ProjectTicTac/Content/GenericNPCAnimPack/Animations/Anim_Show_Bicep.uasset" 342
"../../../../../Projects/ProjectTicTac/Content/GenericNPCAnimPack/Animations/Anim_Showing_Goods_1.uasset" 343
"../../../../../Projects/ProjectTicTac/Content/GenericNPCAnimPack/Animations/Anim_Showing_Goods_2.uasset" 344
"../../../../../Projects/ProjectTicTac/Content/GenericNPCAnimPack/Animations/Anim_Sit_Bench_1.uasset" 345
"../../../../../Projects/ProjectTicTac/Content/GenericNPCAnimPack/Animations/Anim_Smith_Working.uasset" 346
"../../../../../Projects/ProjectTicTac/Content/GenericNPCAnimPack/Animations/Anim_Sneeze.uasset" 347
"../../../../../Projects/ProjectTicTac/Content/GenericNPCAnimPack/Animations/Anim_Stinky_1.uasset" 348
"../../../../../Projects/ProjectTicTac/Content/GenericNPCAnimPack/Animations/Anim_Talking_1.uasset" 349
"../../../../../Projects/ProjectTicTac/Content/GenericNPCAnimPack/Animations/Anim_Talking_2.uasset" 350
"../../../../../Projects/ProjectTicTac/Content/GenericNPCAnimPack/Animations/Anim_Talking_3.uasset" 351
"../../../../../Projects/ProjectTicTac/Content/GenericNPCAnimPack/Animations/Anim_Thinking.uasset" 352
"../../../../../Projects/ProjectTicTac/Content/GenericNPCAnimPack/Animations/Anim_Throw_2.uasset" 353
"../../../../../Projects/ProjectTicTac/Content/GenericNPCAnimPack/Animations/Anim_Triumph.uasset" 354
"../../../../../Projects/ProjectTicTac/Content/GenericNPCAnimPack/Animations/Anim_Washing_Window.uasset" 355
"../../../../../Projects/ProjectTicTac/Content/GenericNPCAnimPack/Animations/Anim_Watching_Somewhere.uasset" 356
"../../../../../Projects/ProjectTicTac/Content/GenericNPCAnimPack/Animations/Anim_Wave_1.uasset" 357
"../../../../../Projects/ProjectTicTac/Content/GenericNPCAnimPack/Animations/Anim_Wave_2.uasset" 358
"../../../../../Projects/ProjectTicTac/Content/GenericNPCAnimPack/Animations/Anim_Wave_3.uasset" 359
"../../../../../Projects/ProjectTicTac/Content/GenericNPCAnimPack/Maps/Showcase_BuiltData.uasset" 360
"../../../Engine/Content/MapTemplates/Sky/DaylightAmbientCubemap.uasset" 361
"../../../Engine/Content/Functions/Engine_MaterialFunctions02/Utility/BlendAngleCorrectedNormals.uasset" 362
"../../../Engine/Content/Functions/MaterialLayerFunctions/MatLayerBlend_NormalBlend.uasset" 363
"../../../Engine/Content/Functions/MaterialLayerFunctions/MatLayerBlend_Simple.uasset" 364
"../../../../../Projects/ProjectTicTac/Content/GenericNPCAnimPack/Character/Materials/MaterialLayers/T_ML_Rubber_Blue_01_D.uasset" 365
"../../../../../Projects/ProjectTicTac/Content/GenericNPCAnimPack/Character/Materials/MaterialLayers/T_ML_Rubber_Blue_01_N.uasset" 366
"../../../../../Projects/ProjectTicTac/Content/GenericNPCAnimPack/Character/Materials/MaterialLayers/ML_GlossyBlack_Latex_UE4.uasset" 367
"../../../../../Projects/ProjectTicTac/Content/GenericNPCAnimPack/Character/Materials/MaterialLayers/ML_Plastic_Shiny_Beige.uasset" 368
"../../../../../Projects/ProjectTicTac/Content/GenericNPCAnimPack/Character/Textures/UE4_LOGO_CARD.uasset" 369
"../../../../../Projects/ProjectTicTac/Content/GenericNPCAnimPack/Character/Materials/MaterialLayers/ML_Plastic_Shiny_Beige_LOGO.uasset" 370
"../../../../../Projects/ProjectTicTac/Content/GenericNPCAnimPack/Character/Materials/MaterialLayers/T_ML_Aluminum01.uasset" 371
"../../../../../Projects/ProjectTicTac/Content/GenericNPCAnimPack/Character/Materials/MaterialLayers/T_ML_Aluminum01_N.uasset" 372
"../../../../../Projects/ProjectTicTac/Content/GenericNPCAnimPack/Character/Materials/MaterialLayers/ML_SoftMetal_UE4.uasset" 373
"../../../../../Projects/ProjectTicTac/Content/GenericNPCAnimPack/Character/Textures/UE4_Mannequin__normals.uasset" 374
"../../../../../Projects/ProjectTicTac/Content/GenericNPCAnimPack/Character/Textures/UE4_Mannequin_MAT_MASKA.uasset" 375
"../../../../../Projects/ProjectTicTac/Content/GenericNPCAnimPack/Character/Materials/M_UE4Man_Body.uasset" 376
"../../../../../Projects/ProjectTicTac/Content/GenericNPCAnimPack/Character/Textures/UE4Man_Logo_N.uasset" 377
"../../../../../Projects/ProjectTicTac/Content/GenericNPCAnimPack/Character/Materials/M_UE4Man_ChestLogo.uasset" 378
"../../../../../Projects/ProjectTicTac/Content/GenericNPCAnimPack/Character/Mesh/SK_Mannequin_PhysicsAsset.uasset" 379
"../../../../../Projects/ProjectTicTac/Content/GenericNPCAnimPack/Character/Mesh/SK_Mannequin.uasset" 380
"../../../../../Projects/ProjectTicTac/Content/GenericNPCAnimPack/Maps/Showcase.umap" 381
"../../../../../Projects/ProjectTicTac/Content/Mannequin/Animations/ThirdPerson_Jump.uasset" 382
"../../../../../Projects/ProjectTicTac/Content/Mannequin/Animations/ThirdPersonJump_Loop.uasset" 383
"../../../../../Projects/ProjectTicTac/Content/Mannequin/Animations/ThirdPersonJump_Start.uasset" 384
"../../../../../Projects/ProjectTicTac/Content/Mannequin/Animations/ThirdPersonIdle.uasset" 385
"../../../../../Projects/ProjectTicTac/Content/Mannequin/Animations/ThirdPersonRun.uasset" 386
"../../../../../Projects/ProjectTicTac/Content/Mannequin/Animations/ThirdPersonWalk.uasset" 387
"../../../../../Projects/ProjectTicTac/Content/Mannequin/Animations/ThirdPerson_IdleRun_2D.uasset" 388
"../../../../../Projects/ProjectTicTac/Content/Mannequin/Animations/ThirdPerson_AnimBP.uasset" 389
"../../../../../Projects/ProjectTicTac/Content/Blueprints/I_Use.uasset" 390
"../../../../../Projects/ProjectTicTac/Content/Blueprints/Whiteboard/RT_Whiteboard.uasset" 391
"../../../../../Projects/ProjectTicTac/Content/Blueprints/Whiteboard/M_Whiteboard.uasset" 392
"../../../Engine/Content/Functions/Engine_MaterialFunctions02/Utility/VectorLength.uasset" 393
"../../../../../Projects/ProjectTicTac/Content/Blueprints/Whiteboard/M_WhiteboardMarker.uasset" 394
"../../../../../Projects/ProjectTicTac/Content/Blueprints/Whiteboard/SM_Whiteboard.uasset" 395
"../../../../../Projects/ProjectTicTac/Content/Blueprints/Whiteboard/BP_Whiteboard.uasset" 396
"../../../../../Projects/ProjectTicTac/Content/Mannequin/Character/Materials/MaterialLayers/T_ML_Rubber_Blue_01_D.uasset" 397
"../../../../../Projects/ProjectTicTac/Content/Mannequin/Character/Materials/MaterialLayers/T_ML_Rubber_Blue_01_N.uasset" 398
"../../../../../Projects/ProjectTicTac/Content/Mannequin/Character/Materials/MaterialLayers/ML_GlossyBlack_Latex_UE4.uasset" 399
"../../../../../Projects/ProjectTicTac/Content/Mannequin/Character/Materials/MaterialLayers/ML_Plastic_Shiny_Beige.uasset" 400
"../../../../../Projects/ProjectTicTac/Content/Mannequin/Character/Textures/UE4_LOGO_CARD.uasset" 401
"../../../../../Projects/ProjectTicTac/Content/Mannequin/Character/Materials/MaterialLayers/ML_Plastic_Shiny_Beige_LOGO.uasset" 402
"../../../../../Projects/ProjectTicTac/Content/Mannequin/Character/Materials/MaterialLayers/T_ML_Aluminum01.uasset" 403
"../../../../../Projects/ProjectTicTac/Content/Mannequin/Character/Materials/MaterialLayers/T_ML_Aluminum01_N.uasset" 404
"../../../../../Projects/ProjectTicTac/Content/Mannequin/Character/Materials/MaterialLayers/ML_SoftMetal_UE4.uasset" 405
"../../../../../Projects/ProjectTicTac/Content/Mannequin/Character/Textures/UE4_Mannequin__normals.uasset" 406
"../../../../../Projects/ProjectTicTac/Content/Mannequin/Character/Textures/UE4_Mannequin_MAT_MASKA.uasset" 407
"../../../../../Projects/ProjectTicTac/Content/Mannequin/Character/Materials/M_UE4Man_Body.uasset" 408
"../../../../../Projects/ProjectTicTac/Content/Mannequin/Character/Textures/UE4Man_Logo_N.uasset" 409
"../../../../../Projects/ProjectTicTac/Content/Mannequin/Character/Materials/M_UE4Man_ChestLogo.uasset" 410
"../../../../../Projects/ProjectTicTac/Content/Mannequin/Character/Mesh/SK_Mannequin_PhysicsAsset.uasset" 411
"../../../../../Projects/ProjectTicTac/Content/Mannequin/Character/Mesh/SK_Mannequin.uasset" 412
"../../../../../Projects/ProjectTicTac/Content/ThirdPersonBP/Blueprints/ThirdPersonCharacter.uasset" 413
"../../../../../Projects/ProjectTicTac/Content/ThirdPersonBP/Maps/ThirdPersonExampleMap_BuiltData.uasset" 414
"../../../../../Projects/ProjectTicTac/Content/Geometry/Meshes/CubeMaterial.uasset" 415
"../../../../../Projects/ProjectTicTac/Content/Geometry/Meshes/1M_Cube.uasset" 416
"../../../../../Projects/ProjectTicTac/Content/Geometry/Meshes/1M_Cube_Chamfer.uasset" 417
"../../../../../Projects/ProjectTicTac/Content/Geometry/Meshes/TemplateFloor.uasset" 418
"../../../../../Projects/ProjectTicTac/Content/ThirdPerson/Meshes/RampMaterial.uasset" 419
"../../../../../Projects/ProjectTicTac/Content/ThirdPerson/Meshes/Bump_StaticMesh.uasset" 420
"../../../../../Projects/ProjectTicTac/Content/ThirdPerson/Meshes/LeftArm_StaticMesh.uasset" 421
"../../../../../Projects/ProjectTicTac/Content/ThirdPerson/Meshes/Linear_Stair_StaticMesh.uasset" 422
"../../../../../Projects/ProjectTicTac/Content/ThirdPerson/Meshes/Ramp_StaticMesh.uasset" 423
"../../../../../Projects/ProjectTicTac/Content/ThirdPerson/Meshes/RightArm_StaticMesh.uasset" 424
"../../../../../Projects/ProjectTicTac/Content/ThirdPersonBP/Maps/ThirdPersonExampleMap.umap" 425
"../../../../../Projects/ProjectTicTac/Content/VirtualRealityBP/Blueprints/HMDLocomotionPawn.uasset" 426
"../../../../../Projects/ProjectTicTac/Content/VirtualRealityBP/Maps/HMDLocomotionMap_BuiltData.uasset" 427
"../../../../../Projects/ProjectTicTac/Content/VirtualReality/Materials/M_BaseMaterial.uasset" 428
"../../../../../Projects/ProjectTicTac/Content/VirtualReality/Materials/MI_BaseMaterial2.uasset" 429
"../../../../../Projects/ProjectTicTac/Content/VirtualReality/Materials/MI_BaseMaterial3.uasset" 430
"../../../../../Projects/ProjectTicTac/Content/VirtualRealityBP/Maps/HMDLocomotionMap.umap" 431
"../../../../../Projects/ProjectTicTac/Content/Blueprints/Button/BP_VRButton.uasset" 432
"../../../../../Projects/ProjectTicTac/Content/Blueprints/Lever/I_AxisLever.uasset" 433
"../../../../../Projects/ProjectTicTac/Content/Blueprints/Lever/E_LeverDirection.uasset" 434
"../../../../../Projects/ProjectTicTac/Content/Blueprints/Lever/E_LeverType.uasset" 435
"../../../../../Projects/ProjectTicTac/Content/Blueprints/Lever/M_DefaultMaterial.uasset" 436
"../../../../../Projects/ProjectTicTac/Content/Blueprints/Lever/SM_LeverRadialSwitchBase.uasset" 437
"../../../../../Projects/ProjectTicTac/Content/Blueprints/Lever/SM_LeverSwitchRadialHandle.uasset" 438
"../../../../../Projects/ProjectTicTac/Content/Blueprints/Lever/BP_Lever.uasset" 439
"../../../../../Projects/ProjectTicTac/Content/Blueprints/Lever/BP_LeverLerp.uasset" 440
"../../../../../Projects/ProjectTicTac/Content/Blueprints/Light/B_Light.uasset" 441
"../../../../../Projects/ProjectTicTac/Content/Blueprints/Whiteboard2/M_Brush.uasset" 442
"../../../Engine/Content/BasicShapes/Plane.uasset" 443
"../../../../../Projects/ProjectTicTac/Content/Blueprints/Whiteboard2/BP_PaintSelect.uasset" 444
"../../../../../Projects/ProjectTicTac/Content/Blueprints/Whiteboard2/M_Canvas.uasset" 445
"../../../../../Projects/ProjectTicTac/Content/Blueprints/Whiteboard2/PaintTextures/T_BlackPaint.uasset" 446
"../../../../../Projects/ProjectTicTac/Content/Blueprints/Whiteboard2/PaintTextures/T_BluePaint.uasset" 447
"../../../../../Projects/ProjectTicTac/Content/Blueprints/Whiteboard2/PaintTextures/T_CyanPaint.uasset" 448
"../../../../../Projects/ProjectTicTac/Content/Blueprints/Whiteboard2/PaintTextures/T_LimePaint.uasset" 449
"../../../../../Projects/ProjectTicTac/Content/Blueprints/Whiteboard2/PaintTextures/T_MagentaPaint.uasset" 450
"../../../../../Projects/ProjectTicTac/Content/Blueprints/Whiteboard2/PaintTextures/T_OrangePaint.uasset" 451
"../../../../../Projects/ProjectTicTac/Content/Blueprints/Whiteboard2/PaintTextures/T_PineGreenPaint.uasset" 452
"../../../../../Projects/ProjectTicTac/Content/Blueprints/Whiteboard2/PaintTextures/T_RedPaint.uasset" 453
"../../../../../Projects/ProjectTicTac/Content/Blueprints/Whiteboard2/PaintTextures/T_WhitePaint.uasset" 454
"../../../../../Projects/ProjectTicTac/Content/Blueprints/Whiteboard2/PaintTextures/T_YellowPaint.uasset" 455
"../../../../../Projects/ProjectTicTac/Content/Blueprints/Whiteboard2/BP_Canvas.uasset" 456
"../../../../../Projects/ProjectTicTac/Content/Geometry/Meshes/Color_Top.uasset" 457
"../../../../../Projects/ProjectTicTac/Content/Geometry/Meshes/Material_002.uasset" 458
"../../../../../Projects/ProjectTicTac/Content/Geometry/Meshes/Pen_Texture.uasset" 459
"../../../../../Projects/ProjectTicTac/Content/Geometry/Meshes/Material_003.uasset" 460
"../../../../../Projects/ProjectTicTac/Content/Geometry/Meshes/WhiteboardMarkerWIP.uasset" 461
"../../../../../Projects/ProjectTicTac/Content/Blueprints/Whiteboard2/BP_Marker.uasset" 462
"../../../Engine/Content/BufferVisualization/BaseColor.uasset" 463
"../../../../../Projects/ProjectTicTac/Content/Blueprints/Whiteboard/Material_001.uasset" 464
"../../../../../Projects/ProjectTicTac/Content/Blueprints/Whiteboard/MarkerTexture.uasset" 465
"../../../../../Projects/ProjectTicTac/Content/Blueprints/Whiteboard/Material_002.uasset" 466
"../../../../../Projects/ProjectTicTac/Content/Blueprints/Whiteboard/Vinny_sMarker_Marker.uasset" 467
"../../../../../Projects/ProjectTicTac/Content/Blueprints/Vehicle/BP_MagicCarpet.uasset" 468
"../../../../../Projects/ProjectTicTac/Content/Blueprints/Whiteboard/BP_WhiteboardMarker.uasset" 469
"../../../../../Projects/ProjectTicTac/Content/Blueprints/Whiteboard/BP_PenSpawner.uasset" 470
"../../../../../Projects/ProjectTicTac/Content/Blueprints/Whiteboard/BP_WhiteboardClearButton.uasset" 471
"../../../../../Projects/ProjectTicTac/Content/VirtualReality/Materials/MI_SmallCubes.uasset" 472
"../../../../../Projects/ProjectTicTac/Content/VirtualRealityBP/Blueprints/BP_PickupCube.uasset" 473
"../../../../../Projects/ProjectTicTac/Content/VirtualRealityBP/Maps/MotionControllerMap_BuiltData.uasset" 474
"../../../Engine/Content/Functions/Engine_MaterialFunctions01/Density/ExponentialDensity.uasset" 475
"../../../Engine/Content/Functions/Engine_MaterialFunctions01/Gradient/RadialGradientExponential.uasset" 476
"../../../../../Projects/ProjectTicTac/Content/Materials/Rain/M_Rain.uasset" 477
"../../../../../Projects/ProjectTicTac/Content/Materials/Rain/P_Rain.uasset" 478
"../../../../../Projects/ProjectTicTac/Content/VirtualRealityBP/Maps/MotionControllerMap.umap" 479
"../../../../../Projects/ProjectTicTac/Content/VirtualRealityBP/Maps/StartupMap_BuiltData.uasset" 480
"../../../../../Projects/ProjectTicTac/Content/VirtualReality/Materials/GenericHMDMaterial.uasset" 481
"../../../../../Projects/ProjectTicTac/Content/VirtualReality/Meshes/GenericHMD.uasset" 482
"../../../../../Projects/ProjectTicTac/Content/VirtualRealityBP/Maps/StartupMap.umap" 483
"../../../Engine/Content/Maps/Entry_BuiltData.uasset" 484
"../../../Engine/Content/Maps/Entry.umap" 485
